<?xml version="1.0" encoding="UTF-8"?>
<robot generator="Robot 3.0 (Jython 2.7.0 on java1.8.0_162)" generated="20180212 18:05:22.948">
<suite source="C:\Users\Andrew\Desktop\cs310-tic-tac-toe\src\test\acceptancetest" name="Acceptancetest" id="s1">
<suite source="C:\Users\Andrew\Desktop\cs310-tic-tac-toe\src\test\acceptancetest\TicTacToeGUITests.robot" name="TicTacToeGUITests" id="s1-s1">
<test name="Win Diagonally as X" id="s1-s1-t1">
<kw name="Start New Game">
<kw library="SwingLibrary" name="Start Application">
<doc>Alias for `Launch Application` keyword</doc>
<arguments>
<arg>edu.jsu.mcis.TicTacToe</arg>
</arguments>
<status endtime="20180212 18:05:24.332" starttime="20180212 18:05:24.100" status="PASS"></status>
</kw>
<kw library="SwingLibrary" name="Select Window">
<doc>Selects a window as current context and sets focus to it.</doc>
<arguments>
<arg>Tic-Tac-Toe</arg>
</arguments>
<status endtime="20180212 18:05:24.636" starttime="20180212 18:05:24.333" status="PASS"></status>
</kw>
<status endtime="20180212 18:05:24.638" starttime="20180212 18:05:24.098" status="PASS"></status>
</kw>
<kw name="Mark Location">
<arguments>
<arg>1</arg>
<arg>1</arg>
</arguments>
<kw library="BuiltIn" name="Catenate">
<doc>Catenates the given items together and returns the resulted string.</doc>
<arguments>
<arg>SEPARATOR=</arg>
<arg>Square</arg>
<arg>${row}</arg>
<arg>${col}</arg>
</arguments>
<assign>
<var>${component}</var>
</assign>
<msg level="INFO" timestamp="20180212 18:05:24.648">${component} = Square11</msg>
<status endtime="20180212 18:05:24.648" starttime="20180212 18:05:24.643" status="PASS"></status>
</kw>
<kw library="SwingLibrary" name="Click On Component">
<doc>Clicks on a component.</doc>
<arguments>
<arg>${component}</arg>
</arguments>
<status endtime="20180212 18:05:24.680" starttime="20180212 18:05:24.649" status="PASS"></status>
</kw>
<status endtime="20180212 18:05:24.681" starttime="20180212 18:05:24.639" status="PASS"></status>
</kw>
<kw name="Check Location">
<arguments>
<arg>1</arg>
<arg>1</arg>
<arg>X</arg>
</arguments>
<kw library="BuiltIn" name="Catenate">
<doc>Catenates the given items together and returns the resulted string.</doc>
<arguments>
<arg>SEPARATOR=</arg>
<arg>Square</arg>
<arg>${row}</arg>
<arg>${col}</arg>
</arguments>
<assign>
<var>${component}</var>
</assign>
<msg level="INFO" timestamp="20180212 18:05:24.687">${component} = Square11</msg>
<status endtime="20180212 18:05:24.688" starttime="20180212 18:05:24.685" status="PASS"></status>
</kw>
<kw library="SwingLibrary" name="Get Button Text">
<doc>Uses current context to search for a button and when found, returns the text it is labeled with.</doc>
<arguments>
<arg>${component}</arg>
</arguments>
<assign>
<var>${text}</var>
</assign>
<msg level="INFO" timestamp="20180212 18:05:24.731">${text} = X</msg>
<status endtime="20180212 18:05:24.732" starttime="20180212 18:05:24.689" status="PASS"></status>
</kw>
<kw library="BuiltIn" name="Should Be Equal">
<doc>Fails if the given objects are unequal.</doc>
<arguments>
<arg>${text}</arg>
<arg>${mark}</arg>
</arguments>
<status endtime="20180212 18:05:24.735" starttime="20180212 18:05:24.733" status="PASS"></status>
</kw>
<status endtime="20180212 18:05:24.736" starttime="20180212 18:05:24.682" status="PASS"></status>
</kw>
<kw name="Mark Location">
<arguments>
<arg>0</arg>
<arg>1</arg>
</arguments>
<kw library="BuiltIn" name="Catenate">
<doc>Catenates the given items together and returns the resulted string.</doc>
<arguments>
<arg>SEPARATOR=</arg>
<arg>Square</arg>
<arg>${row}</arg>
<arg>${col}</arg>
</arguments>
<assign>
<var>${component}</var>
</assign>
<msg level="INFO" timestamp="20180212 18:05:24.742">${component} = Square01</msg>
<status endtime="20180212 18:05:24.742" starttime="20180212 18:05:24.739" status="PASS"></status>
</kw>
<kw library="SwingLibrary" name="Click On Component">
<doc>Clicks on a component.</doc>
<arguments>
<arg>${component}</arg>
</arguments>
<status endtime="20180212 18:05:24.755" starttime="20180212 18:05:24.743" status="PASS"></status>
</kw>
<status endtime="20180212 18:05:24.758" starttime="20180212 18:05:24.737" status="PASS"></status>
</kw>
<kw name="Check Location">
<arguments>
<arg>0</arg>
<arg>1</arg>
<arg>O</arg>
</arguments>
<kw library="BuiltIn" name="Catenate">
<doc>Catenates the given items together and returns the resulted string.</doc>
<arguments>
<arg>SEPARATOR=</arg>
<arg>Square</arg>
<arg>${row}</arg>
<arg>${col}</arg>
</arguments>
<assign>
<var>${component}</var>
</assign>
<msg level="INFO" timestamp="20180212 18:05:24.765">${component} = Square01</msg>
<status endtime="20180212 18:05:24.765" starttime="20180212 18:05:24.762" status="PASS"></status>
</kw>
<kw library="SwingLibrary" name="Get Button Text">
<doc>Uses current context to search for a button and when found, returns the text it is labeled with.</doc>
<arguments>
<arg>${component}</arg>
</arguments>
<assign>
<var>${text}</var>
</assign>
<msg level="INFO" timestamp="20180212 18:05:24.802">${text} = O</msg>
<status endtime="20180212 18:05:24.807" starttime="20180212 18:05:24.766" status="PASS"></status>
</kw>
<kw library="BuiltIn" name="Should Be Equal">
<doc>Fails if the given objects are unequal.</doc>
<arguments>
<arg>${text}</arg>
<arg>${mark}</arg>
</arguments>
<status endtime="20180212 18:05:24.819" starttime="20180212 18:05:24.814" status="PASS"></status>
</kw>
<status endtime="20180212 18:05:24.826" starttime="20180212 18:05:24.759" status="PASS"></status>
</kw>
<kw name="Mark Location">
<arguments>
<arg>0</arg>
<arg>0</arg>
</arguments>
<kw library="BuiltIn" name="Catenate">
<doc>Catenates the given items together and returns the resulted string.</doc>
<arguments>
<arg>SEPARATOR=</arg>
<arg>Square</arg>
<arg>${row}</arg>
<arg>${col}</arg>
</arguments>
<assign>
<var>${component}</var>
</assign>
<msg level="INFO" timestamp="20180212 18:05:24.849">${component} = Square00</msg>
<status endtime="20180212 18:05:24.850" starttime="20180212 18:05:24.841" status="PASS"></status>
</kw>
<kw library="SwingLibrary" name="Click On Component">
<doc>Clicks on a component.</doc>
<arguments>
<arg>${component}</arg>
</arguments>
<status endtime="20180212 18:05:24.864" starttime="20180212 18:05:24.850" status="PASS"></status>
</kw>
<status endtime="20180212 18:05:24.866" starttime="20180212 18:05:24.828" status="PASS"></status>
</kw>
<kw name="Check Location">
<arguments>
<arg>0</arg>
<arg>0</arg>
<arg>X</arg>
</arguments>
<kw library="BuiltIn" name="Catenate">
<doc>Catenates the given items together and returns the resulted string.</doc>
<arguments>
<arg>SEPARATOR=</arg>
<arg>Square</arg>
<arg>${row}</arg>
<arg>${col}</arg>
</arguments>
<assign>
<var>${component}</var>
</assign>
<msg level="INFO" timestamp="20180212 18:05:24.872">${component} = Square00</msg>
<status endtime="20180212 18:05:24.872" starttime="20180212 18:05:24.869" status="PASS"></status>
</kw>
<kw library="SwingLibrary" name="Get Button Text">
<doc>Uses current context to search for a button and when found, returns the text it is labeled with.</doc>
<arguments>
<arg>${component}</arg>
</arguments>
<assign>
<var>${text}</var>
</assign>
<msg level="INFO" timestamp="20180212 18:05:24.884">${text} = X</msg>
<status endtime="20180212 18:05:24.885" starttime="20180212 18:05:24.873" status="PASS"></status>
</kw>
<kw library="BuiltIn" name="Should Be Equal">
<doc>Fails if the given objects are unequal.</doc>
<arguments>
<arg>${text}</arg>
<arg>${mark}</arg>
</arguments>
<status endtime="20180212 18:05:24.888" starttime="20180212 18:05:24.885" status="PASS"></status>
</kw>
<status endtime="20180212 18:05:24.889" starttime="20180212 18:05:24.867" status="PASS"></status>
</kw>
<kw name="Mark Location">
<arguments>
<arg>0</arg>
<arg>2</arg>
</arguments>
<kw library="BuiltIn" name="Catenate">
<doc>Catenates the given items together and returns the resulted string.</doc>
<arguments>
<arg>SEPARATOR=</arg>
<arg>Square</arg>
<arg>${row}</arg>
<arg>${col}</arg>
</arguments>
<assign>
<var>${component}</var>
</assign>
<msg level="INFO" timestamp="20180212 18:05:24.894">${component} = Square02</msg>
<status endtime="20180212 18:05:24.895" starttime="20180212 18:05:24.891" status="PASS"></status>
</kw>
<kw library="SwingLibrary" name="Click On Component">
<doc>Clicks on a component.</doc>
<arguments>
<arg>${component}</arg>
</arguments>
<status endtime="20180212 18:05:24.914" starttime="20180212 18:05:24.896" status="PASS"></status>
</kw>
<status endtime="20180212 18:05:24.915" starttime="20180212 18:05:24.889" status="PASS"></status>
</kw>
<kw name="Check Location">
<arguments>
<arg>0</arg>
<arg>2</arg>
<arg>O</arg>
</arguments>
<kw library="BuiltIn" name="Catenate">
<doc>Catenates the given items together and returns the resulted string.</doc>
<arguments>
<arg>SEPARATOR=</arg>
<arg>Square</arg>
<arg>${row}</arg>
<arg>${col}</arg>
</arguments>
<assign>
<var>${component}</var>
</assign>
<msg level="INFO" timestamp="20180212 18:05:24.920">${component} = Square02</msg>
<status endtime="20180212 18:05:24.920" starttime="20180212 18:05:24.918" status="PASS"></status>
</kw>
<kw library="SwingLibrary" name="Get Button Text">
<doc>Uses current context to search for a button and when found, returns the text it is labeled with.</doc>
<arguments>
<arg>${component}</arg>
</arguments>
<assign>
<var>${text}</var>
</assign>
<msg level="INFO" timestamp="20180212 18:05:24.943">${text} = O</msg>
<status endtime="20180212 18:05:24.948" starttime="20180212 18:05:24.921" status="PASS"></status>
</kw>
<kw library="BuiltIn" name="Should Be Equal">
<doc>Fails if the given objects are unequal.</doc>
<arguments>
<arg>${text}</arg>
<arg>${mark}</arg>
</arguments>
<status endtime="20180212 18:05:24.968" starttime="20180212 18:05:24.954" status="PASS"></status>
</kw>
<status endtime="20180212 18:05:24.975" starttime="20180212 18:05:24.916" status="PASS"></status>
</kw>
<kw name="Mark Location">
<arguments>
<arg>2</arg>
<arg>2</arg>
</arguments>
<kw library="BuiltIn" name="Catenate">
<doc>Catenates the given items together and returns the resulted string.</doc>
<arguments>
<arg>SEPARATOR=</arg>
<arg>Square</arg>
<arg>${row}</arg>
<arg>${col}</arg>
</arguments>
<assign>
<var>${component}</var>
</assign>
<msg level="INFO" timestamp="20180212 18:05:24.990">${component} = Square22</msg>
<status endtime="20180212 18:05:24.990" starttime="20180212 18:05:24.988" status="PASS"></status>
</kw>
<kw library="SwingLibrary" name="Click On Component">
<doc>Clicks on a component.</doc>
<arguments>
<arg>${component}</arg>
</arguments>
<status endtime="20180212 18:05:25.008" starttime="20180212 18:05:24.991" status="PASS"></status>
</kw>
<status endtime="20180212 18:05:25.010" starttime="20180212 18:05:24.984" status="PASS"></status>
</kw>
<kw name="Check Location">
<arguments>
<arg>2</arg>
<arg>2</arg>
<arg>X</arg>
</arguments>
<kw library="BuiltIn" name="Catenate">
<doc>Catenates the given items together and returns the resulted string.</doc>
<arguments>
<arg>SEPARATOR=</arg>
<arg>Square</arg>
<arg>${row}</arg>
<arg>${col}</arg>
</arguments>
<assign>
<var>${component}</var>
</assign>
<msg level="INFO" timestamp="20180212 18:05:25.015">${component} = Square22</msg>
<status endtime="20180212 18:05:25.016" starttime="20180212 18:05:25.013" status="PASS"></status>
</kw>
<kw library="SwingLibrary" name="Get Button Text">
<doc>Uses current context to search for a button and when found, returns the text it is labeled with.</doc>
<arguments>
<arg>${component}</arg>
</arguments>
<assign>
<var>${text}</var>
</assign>
<msg level="INFO" timestamp="20180212 18:05:25.034">${text} = X</msg>
<status endtime="20180212 18:05:25.040" starttime="20180212 18:05:25.016" status="PASS"></status>
</kw>
<kw library="BuiltIn" name="Should Be Equal">
<doc>Fails if the given objects are unequal.</doc>
<arguments>
<arg>${text}</arg>
<arg>${mark}</arg>
</arguments>
<status endtime="20180212 18:05:25.055" starttime="20180212 18:05:25.046" status="PASS"></status>
</kw>
<status endtime="20180212 18:05:25.056" starttime="20180212 18:05:25.011" status="PASS"></status>
</kw>
<kw name="Winner Should Be">
<arguments>
<arg>X</arg>
</arguments>
<kw library="SwingLibrary" name="Get Label Content">
<doc>Returns the text displayed on a label.</doc>
<arguments>
<arg>ResultLabel</arg>
</arguments>
<assign>
<var>${text}</var>
</assign>
<msg level="INFO" timestamp="20180212 18:05:25.068">${text} = X</msg>
<status endtime="20180212 18:05:25.068" starttime="20180212 18:05:25.058" status="PASS"></status>
</kw>
<kw library="BuiltIn" name="Should Be Equal">
<doc>Fails if the given objects are unequal.</doc>
<arguments>
<arg>${text}</arg>
<arg>${winner}</arg>
</arguments>
<status endtime="20180212 18:05:25.071" starttime="20180212 18:05:25.069" status="PASS"></status>
</kw>
<kw library="SwingLibrary" name="Close Window">
<doc>Closes a window.</doc>
<arguments>
<arg>Tic-Tac-Toe</arg>
</arguments>
<status endtime="20180212 18:05:25.236" starttime="20180212 18:05:25.072" status="PASS"></status>
</kw>
<status endtime="20180212 18:05:25.241" starttime="20180212 18:05:25.057" status="PASS"></status>
</kw>
<status critical="yes" endtime="20180212 18:05:25.245" starttime="20180212 18:05:24.092" status="PASS"></status>
</test>
<test name="Win Horizontally as O" id="s1-s1-t2">
<kw name="Start New Game">
<kw library="SwingLibrary" name="Start Application">
<doc>Alias for `Launch Application` keyword</doc>
<arguments>
<arg>edu.jsu.mcis.TicTacToe</arg>
</arguments>
<status endtime="20180212 18:05:25.281" starttime="20180212 18:05:25.260" status="PASS"></status>
</kw>
<kw library="SwingLibrary" name="Select Window">
<doc>Selects a window as current context and sets focus to it.</doc>
<arguments>
<arg>Tic-Tac-Toe</arg>
</arguments>
<status endtime="20180212 18:05:25.298" starttime="20180212 18:05:25.282" status="PASS"></status>
</kw>
<status endtime="20180212 18:05:25.298" starttime="20180212 18:05:25.257" status="PASS"></status>
</kw>
<kw name="Mark Location">
<arguments>
<arg>1</arg>
<arg>1</arg>
</arguments>
<kw library="BuiltIn" name="Catenate">
<doc>Catenates the given items together and returns the resulted string.</doc>
<arguments>
<arg>SEPARATOR=</arg>
<arg>Square</arg>
<arg>${row}</arg>
<arg>${col}</arg>
</arguments>
<assign>
<var>${component}</var>
</assign>
<msg level="INFO" timestamp="20180212 18:05:25.303">${component} = Square11</msg>
<status endtime="20180212 18:05:25.304" starttime="20180212 18:05:25.301" status="PASS"></status>
</kw>
<kw library="SwingLibrary" name="Click On Component">
<doc>Clicks on a component.</doc>
<arguments>
<arg>${component}</arg>
</arguments>
<status endtime="20180212 18:05:25.312" starttime="20180212 18:05:25.304" status="PASS"></status>
</kw>
<status endtime="20180212 18:05:25.313" starttime="20180212 18:05:25.299" status="PASS"></status>
</kw>
<kw name="Check Location">
<arguments>
<arg>1</arg>
<arg>1</arg>
<arg>X</arg>
</arguments>
<kw library="BuiltIn" name="Catenate">
<doc>Catenates the given items together and returns the resulted string.</doc>
<arguments>
<arg>SEPARATOR=</arg>
<arg>Square</arg>
<arg>${row}</arg>
<arg>${col}</arg>
</arguments>
<assign>
<var>${component}</var>
</assign>
<msg level="INFO" timestamp="20180212 18:05:25.318">${component} = Square11</msg>
<status endtime="20180212 18:05:25.318" starttime="20180212 18:05:25.316" status="PASS"></status>
</kw>
<kw library="SwingLibrary" name="Get Button Text">
<doc>Uses current context to search for a button and when found, returns the text it is labeled with.</doc>
<arguments>
<arg>${component}</arg>
</arguments>
<assign>
<var>${text}</var>
</assign>
<msg level="INFO" timestamp="20180212 18:05:25.337">${text} = X</msg>
<status endtime="20180212 18:05:25.340" starttime="20180212 18:05:25.319" status="PASS"></status>
</kw>
<kw library="BuiltIn" name="Should Be Equal">
<doc>Fails if the given objects are unequal.</doc>
<arguments>
<arg>${text}</arg>
<arg>${mark}</arg>
</arguments>
<status endtime="20180212 18:05:25.351" starttime="20180212 18:05:25.347" status="PASS"></status>
</kw>
<status endtime="20180212 18:05:25.352" starttime="20180212 18:05:25.314" status="PASS"></status>
</kw>
<kw name="Mark Location">
<arguments>
<arg>2</arg>
<arg>0</arg>
</arguments>
<kw library="BuiltIn" name="Catenate">
<doc>Catenates the given items together and returns the resulted string.</doc>
<arguments>
<arg>SEPARATOR=</arg>
<arg>Square</arg>
<arg>${row}</arg>
<arg>${col}</arg>
</arguments>
<assign>
<var>${component}</var>
</assign>
<msg level="INFO" timestamp="20180212 18:05:25.358">${component} = Square20</msg>
<status endtime="20180212 18:05:25.359" starttime="20180212 18:05:25.355" status="PASS"></status>
</kw>
<kw library="SwingLibrary" name="Click On Component">
<doc>Clicks on a component.</doc>
<arguments>
<arg>${component}</arg>
</arguments>
<status endtime="20180212 18:05:25.376" starttime="20180212 18:05:25.359" status="PASS"></status>
</kw>
<status endtime="20180212 18:05:25.377" starttime="20180212 18:05:25.353" status="PASS"></status>
</kw>
<kw name="Check Location">
<arguments>
<arg>2</arg>
<arg>0</arg>
<arg>O</arg>
</arguments>
<kw library="BuiltIn" name="Catenate">
<doc>Catenates the given items together and returns the resulted string.</doc>
<arguments>
<arg>SEPARATOR=</arg>
<arg>Square</arg>
<arg>${row}</arg>
<arg>${col}</arg>
</arguments>
<assign>
<var>${component}</var>
</assign>
<msg level="INFO" timestamp="20180212 18:05:25.382">${component} = Square20</msg>
<status endtime="20180212 18:05:25.382" starttime="20180212 18:05:25.380" status="PASS"></status>
</kw>
<kw library="SwingLibrary" name="Get Button Text">
<doc>Uses current context to search for a button and when found, returns the text it is labeled with.</doc>
<arguments>
<arg>${component}</arg>
</arguments>
<assign>
<var>${text}</var>
</assign>
<msg level="INFO" timestamp="20180212 18:05:25.403">${text} = O</msg>
<status endtime="20180212 18:05:25.404" starttime="20180212 18:05:25.383" status="PASS"></status>
</kw>
<kw library="BuiltIn" name="Should Be Equal">
<doc>Fails if the given objects are unequal.</doc>
<arguments>
<arg>${text}</arg>
<arg>${mark}</arg>
</arguments>
<status endtime="20180212 18:05:25.416" starttime="20180212 18:05:25.407" status="PASS"></status>
</kw>
<status endtime="20180212 18:05:25.420" starttime="20180212 18:05:25.378" status="PASS"></status>
</kw>
<kw name="Mark Location">
<arguments>
<arg>0</arg>
<arg>0</arg>
</arguments>
<kw library="BuiltIn" name="Catenate">
<doc>Catenates the given items together and returns the resulted string.</doc>
<arguments>
<arg>SEPARATOR=</arg>
<arg>Square</arg>
<arg>${row}</arg>
<arg>${col}</arg>
</arguments>
<assign>
<var>${component}</var>
</assign>
<msg level="INFO" timestamp="20180212 18:05:25.429">${component} = Square00</msg>
<status endtime="20180212 18:05:25.429" starttime="20180212 18:05:25.427" status="PASS"></status>
</kw>
<kw library="SwingLibrary" name="Click On Component">
<doc>Clicks on a component.</doc>
<arguments>
<arg>${component}</arg>
</arguments>
<status endtime="20180212 18:05:25.444" starttime="20180212 18:05:25.430" status="PASS"></status>
</kw>
<status endtime="20180212 18:05:25.447" starttime="20180212 18:05:25.424" status="PASS"></status>
</kw>
<kw name="Check Location">
<arguments>
<arg>0</arg>
<arg>0</arg>
<arg>X</arg>
</arguments>
<kw library="BuiltIn" name="Catenate">
<doc>Catenates the given items together and returns the resulted string.</doc>
<arguments>
<arg>SEPARATOR=</arg>
<arg>Square</arg>
<arg>${row}</arg>
<arg>${col}</arg>
</arguments>
<assign>
<var>${component}</var>
</assign>
<msg level="INFO" timestamp="20180212 18:05:25.451">${component} = Square00</msg>
<status endtime="20180212 18:05:25.451" starttime="20180212 18:05:25.449" status="PASS"></status>
</kw>
<kw library="SwingLibrary" name="Get Button Text">
<doc>Uses current context to search for a button and when found, returns the text it is labeled with.</doc>
<arguments>
<arg>${component}</arg>
</arguments>
<assign>
<var>${text}</var>
</assign>
<msg level="INFO" timestamp="20180212 18:05:25.465">${text} = X</msg>
<status endtime="20180212 18:05:25.466" starttime="20180212 18:05:25.452" status="PASS"></status>
</kw>
<kw library="BuiltIn" name="Should Be Equal">
<doc>Fails if the given objects are unequal.</doc>
<arguments>
<arg>${text}</arg>
<arg>${mark}</arg>
</arguments>
<status endtime="20180212 18:05:25.470" starttime="20180212 18:05:25.467" status="PASS"></status>
</kw>
<status endtime="20180212 18:05:25.472" starttime="20180212 18:05:25.447" status="PASS"></status>
</kw>
<kw name="Mark Location">
<arguments>
<arg>2</arg>
<arg>2</arg>
</arguments>
<kw library="BuiltIn" name="Catenate">
<doc>Catenates the given items together and returns the resulted string.</doc>
<arguments>
<arg>SEPARATOR=</arg>
<arg>Square</arg>
<arg>${row}</arg>
<arg>${col}</arg>
</arguments>
<assign>
<var>${component}</var>
</assign>
<msg level="INFO" timestamp="20180212 18:05:25.486">${component} = Square22</msg>
<status endtime="20180212 18:05:25.486" starttime="20180212 18:05:25.482" status="PASS"></status>
</kw>
<kw library="SwingLibrary" name="Click On Component">
<doc>Clicks on a component.</doc>
<arguments>
<arg>${component}</arg>
</arguments>
<status endtime="20180212 18:05:25.510" starttime="20180212 18:05:25.492" status="PASS"></status>
</kw>
<status endtime="20180212 18:05:25.511" starttime="20180212 18:05:25.473" status="PASS"></status>
</kw>
<kw name="Check Location">
<arguments>
<arg>2</arg>
<arg>2</arg>
<arg>O</arg>
</arguments>
<kw library="BuiltIn" name="Catenate">
<doc>Catenates the given items together and returns the resulted string.</doc>
<arguments>
<arg>SEPARATOR=</arg>
<arg>Square</arg>
<arg>${row}</arg>
<arg>${col}</arg>
</arguments>
<assign>
<var>${component}</var>
</assign>
<msg level="INFO" timestamp="20180212 18:05:25.515">${component} = Square22</msg>
<status endtime="20180212 18:05:25.516" starttime="20180212 18:05:25.513" status="PASS"></status>
</kw>
<kw library="SwingLibrary" name="Get Button Text">
<doc>Uses current context to search for a button and when found, returns the text it is labeled with.</doc>
<arguments>
<arg>${component}</arg>
</arguments>
<assign>
<var>${text}</var>
</assign>
<msg level="INFO" timestamp="20180212 18:05:25.537">${text} = O</msg>
<status endtime="20180212 18:05:25.537" starttime="20180212 18:05:25.517" status="PASS"></status>
</kw>
<kw library="BuiltIn" name="Should Be Equal">
<doc>Fails if the given objects are unequal.</doc>
<arguments>
<arg>${text}</arg>
<arg>${mark}</arg>
</arguments>
<status endtime="20180212 18:05:25.548" starttime="20180212 18:05:25.544" status="PASS"></status>
</kw>
<status endtime="20180212 18:05:25.549" starttime="20180212 18:05:25.512" status="PASS"></status>
</kw>
<kw name="Mark Location">
<arguments>
<arg>0</arg>
<arg>2</arg>
</arguments>
<kw library="BuiltIn" name="Catenate">
<doc>Catenates the given items together and returns the resulted string.</doc>
<arguments>
<arg>SEPARATOR=</arg>
<arg>Square</arg>
<arg>${row}</arg>
<arg>${col}</arg>
</arguments>
<assign>
<var>${component}</var>
</assign>
<msg level="INFO" timestamp="20180212 18:05:25.559">${component} = Square02</msg>
<status endtime="20180212 18:05:25.560" starttime="20180212 18:05:25.556" status="PASS"></status>
</kw>
<kw library="SwingLibrary" name="Click On Component">
<doc>Clicks on a component.</doc>
<arguments>
<arg>${component}</arg>
</arguments>
<status endtime="20180212 18:05:25.568" starttime="20180212 18:05:25.562" status="PASS"></status>
</kw>
<status endtime="20180212 18:05:25.569" starttime="20180212 18:05:25.552" status="PASS"></status>
</kw>
<kw name="Check Location">
<arguments>
<arg>0</arg>
<arg>2</arg>
<arg>X</arg>
</arguments>
<kw library="BuiltIn" name="Catenate">
<doc>Catenates the given items together and returns the resulted string.</doc>
<arguments>
<arg>SEPARATOR=</arg>
<arg>Square</arg>
<arg>${row}</arg>
<arg>${col}</arg>
</arguments>
<assign>
<var>${component}</var>
</assign>
<msg level="INFO" timestamp="20180212 18:05:25.573">${component} = Square02</msg>
<status endtime="20180212 18:05:25.573" starttime="20180212 18:05:25.571" status="PASS"></status>
</kw>
<kw library="SwingLibrary" name="Get Button Text">
<doc>Uses current context to search for a button and when found, returns the text it is labeled with.</doc>
<arguments>
<arg>${component}</arg>
</arguments>
<assign>
<var>${text}</var>
</assign>
<msg level="INFO" timestamp="20180212 18:05:25.577">${text} = X</msg>
<status endtime="20180212 18:05:25.578" starttime="20180212 18:05:25.574" status="PASS"></status>
</kw>
<kw library="BuiltIn" name="Should Be Equal">
<doc>Fails if the given objects are unequal.</doc>
<arguments>
<arg>${text}</arg>
<arg>${mark}</arg>
</arguments>
<status endtime="20180212 18:05:25.580" starttime="20180212 18:05:25.578" status="PASS"></status>
</kw>
<status endtime="20180212 18:05:25.581" starttime="20180212 18:05:25.570" status="PASS"></status>
</kw>
<kw name="Mark Location">
<arguments>
<arg>2</arg>
<arg>1</arg>
</arguments>
<kw library="BuiltIn" name="Catenate">
<doc>Catenates the given items together and returns the resulted string.</doc>
<arguments>
<arg>SEPARATOR=</arg>
<arg>Square</arg>
<arg>${row}</arg>
<arg>${col}</arg>
</arguments>
<assign>
<var>${component}</var>
</assign>
<msg level="INFO" timestamp="20180212 18:05:25.585">${component} = Square21</msg>
<status endtime="20180212 18:05:25.585" starttime="20180212 18:05:25.583" status="PASS"></status>
</kw>
<kw library="SwingLibrary" name="Click On Component">
<doc>Clicks on a component.</doc>
<arguments>
<arg>${component}</arg>
</arguments>
<status endtime="20180212 18:05:25.593" starttime="20180212 18:05:25.586" status="PASS"></status>
</kw>
<status endtime="20180212 18:05:25.595" starttime="20180212 18:05:25.581" status="PASS"></status>
</kw>
<kw name="Check Location">
<arguments>
<arg>2</arg>
<arg>1</arg>
<arg>O</arg>
</arguments>
<kw library="BuiltIn" name="Catenate">
<doc>Catenates the given items together and returns the resulted string.</doc>
<arguments>
<arg>SEPARATOR=</arg>
<arg>Square</arg>
<arg>${row}</arg>
<arg>${col}</arg>
</arguments>
<assign>
<var>${component}</var>
</assign>
<msg level="INFO" timestamp="20180212 18:05:25.599">${component} = Square21</msg>
<status endtime="20180212 18:05:25.600" starttime="20180212 18:05:25.597" status="PASS"></status>
</kw>
<kw library="SwingLibrary" name="Get Button Text">
<doc>Uses current context to search for a button and when found, returns the text it is labeled with.</doc>
<arguments>
<arg>${component}</arg>
</arguments>
<assign>
<var>${text}</var>
</assign>
<msg level="INFO" timestamp="20180212 18:05:25.626">${text} = O</msg>
<status endtime="20180212 18:05:25.629" starttime="20180212 18:05:25.600" status="PASS"></status>
</kw>
<kw library="BuiltIn" name="Should Be Equal">
<doc>Fails if the given objects are unequal.</doc>
<arguments>
<arg>${text}</arg>
<arg>${mark}</arg>
</arguments>
<status endtime="20180212 18:05:25.648" starttime="20180212 18:05:25.636" status="PASS"></status>
</kw>
<status endtime="20180212 18:05:25.650" starttime="20180212 18:05:25.596" status="PASS"></status>
</kw>
<kw name="Winner Should Be">
<arguments>
<arg>O</arg>
</arguments>
<kw library="SwingLibrary" name="Get Label Content">
<doc>Returns the text displayed on a label.</doc>
<arguments>
<arg>ResultLabel</arg>
</arguments>
<assign>
<var>${text}</var>
</assign>
<msg level="INFO" timestamp="20180212 18:05:25.674">${text} = O</msg>
<status endtime="20180212 18:05:25.674" starttime="20180212 18:05:25.667" status="PASS"></status>
</kw>
<kw library="BuiltIn" name="Should Be Equal">
<doc>Fails if the given objects are unequal.</doc>
<arguments>
<arg>${text}</arg>
<arg>${winner}</arg>
</arguments>
<status endtime="20180212 18:05:25.676" starttime="20180212 18:05:25.674" status="PASS"></status>
</kw>
<kw library="SwingLibrary" name="Close Window">
<doc>Closes a window.</doc>
<arguments>
<arg>Tic-Tac-Toe</arg>
</arguments>
<status endtime="20180212 18:05:25.835" starttime="20180212 18:05:25.677" status="PASS"></status>
</kw>
<status endtime="20180212 18:05:25.836" starttime="20180212 18:05:25.652" status="PASS"></status>
</kw>
<status critical="yes" endtime="20180212 18:05:25.836" starttime="20180212 18:05:25.249" status="PASS"></status>
</test>
<test name="Force a Tie" id="s1-s1-t3">
<kw name="Start New Game">
<kw library="SwingLibrary" name="Start Application">
<doc>Alias for `Launch Application` keyword</doc>
<arguments>
<arg>edu.jsu.mcis.TicTacToe</arg>
</arguments>
<status endtime="20180212 18:05:25.867" starttime="20180212 18:05:25.845" status="PASS"></status>
</kw>
<kw library="SwingLibrary" name="Select Window">
<doc>Selects a window as current context and sets focus to it.</doc>
<arguments>
<arg>Tic-Tac-Toe</arg>
</arguments>
<status endtime="20180212 18:05:25.890" starttime="20180212 18:05:25.867" status="PASS"></status>
</kw>
<status endtime="20180212 18:05:25.890" starttime="20180212 18:05:25.842" status="PASS"></status>
</kw>
<kw name="Mark Location">
<arguments>
<arg>1</arg>
<arg>1</arg>
</arguments>
<kw library="BuiltIn" name="Catenate">
<doc>Catenates the given items together and returns the resulted string.</doc>
<arguments>
<arg>SEPARATOR=</arg>
<arg>Square</arg>
<arg>${row}</arg>
<arg>${col}</arg>
</arguments>
<assign>
<var>${component}</var>
</assign>
<msg level="INFO" timestamp="20180212 18:05:25.895">${component} = Square11</msg>
<status endtime="20180212 18:05:25.895" starttime="20180212 18:05:25.892" status="PASS"></status>
</kw>
<kw library="SwingLibrary" name="Click On Component">
<doc>Clicks on a component.</doc>
<arguments>
<arg>${component}</arg>
</arguments>
<status endtime="20180212 18:05:25.904" starttime="20180212 18:05:25.896" status="PASS"></status>
</kw>
<status endtime="20180212 18:05:25.905" starttime="20180212 18:05:25.891" status="PASS"></status>
</kw>
<kw name="Check Location">
<arguments>
<arg>1</arg>
<arg>1</arg>
<arg>X</arg>
</arguments>
<kw library="BuiltIn" name="Catenate">
<doc>Catenates the given items together and returns the resulted string.</doc>
<arguments>
<arg>SEPARATOR=</arg>
<arg>Square</arg>
<arg>${row}</arg>
<arg>${col}</arg>
</arguments>
<assign>
<var>${component}</var>
</assign>
<msg level="INFO" timestamp="20180212 18:05:25.909">${component} = Square11</msg>
<status endtime="20180212 18:05:25.909" starttime="20180212 18:05:25.907" status="PASS"></status>
</kw>
<kw library="SwingLibrary" name="Get Button Text">
<doc>Uses current context to search for a button and when found, returns the text it is labeled with.</doc>
<arguments>
<arg>${component}</arg>
</arguments>
<assign>
<var>${text}</var>
</assign>
<msg level="INFO" timestamp="20180212 18:05:25.915">${text} = X</msg>
<status endtime="20180212 18:05:25.915" starttime="20180212 18:05:25.910" status="PASS"></status>
</kw>
<kw library="BuiltIn" name="Should Be Equal">
<doc>Fails if the given objects are unequal.</doc>
<arguments>
<arg>${text}</arg>
<arg>${mark}</arg>
</arguments>
<status endtime="20180212 18:05:25.917" starttime="20180212 18:05:25.915" status="PASS"></status>
</kw>
<status endtime="20180212 18:05:25.918" starttime="20180212 18:05:25.905" status="PASS"></status>
</kw>
<kw name="Mark Location">
<arguments>
<arg>0</arg>
<arg>0</arg>
</arguments>
<kw library="BuiltIn" name="Catenate">
<doc>Catenates the given items together and returns the resulted string.</doc>
<arguments>
<arg>SEPARATOR=</arg>
<arg>Square</arg>
<arg>${row}</arg>
<arg>${col}</arg>
</arguments>
<assign>
<var>${component}</var>
</assign>
<msg level="INFO" timestamp="20180212 18:05:25.921">${component} = Square00</msg>
<status endtime="20180212 18:05:25.921" starttime="20180212 18:05:25.919" status="PASS"></status>
</kw>
<kw library="SwingLibrary" name="Click On Component">
<doc>Clicks on a component.</doc>
<arguments>
<arg>${component}</arg>
</arguments>
<status endtime="20180212 18:05:25.935" starttime="20180212 18:05:25.922" status="PASS"></status>
</kw>
<status endtime="20180212 18:05:25.935" starttime="20180212 18:05:25.918" status="PASS"></status>
</kw>
<kw name="Check Location">
<arguments>
<arg>0</arg>
<arg>0</arg>
<arg>O</arg>
</arguments>
<kw library="BuiltIn" name="Catenate">
<doc>Catenates the given items together and returns the resulted string.</doc>
<arguments>
<arg>SEPARATOR=</arg>
<arg>Square</arg>
<arg>${row}</arg>
<arg>${col}</arg>
</arguments>
<assign>
<var>${component}</var>
</assign>
<msg level="INFO" timestamp="20180212 18:05:25.940">${component} = Square00</msg>
<status endtime="20180212 18:05:25.940" starttime="20180212 18:05:25.938" status="PASS"></status>
</kw>
<kw library="SwingLibrary" name="Get Button Text">
<doc>Uses current context to search for a button and when found, returns the text it is labeled with.</doc>
<arguments>
<arg>${component}</arg>
</arguments>
<assign>
<var>${text}</var>
</assign>
<msg level="INFO" timestamp="20180212 18:05:25.944">${text} = O</msg>
<status endtime="20180212 18:05:25.944" starttime="20180212 18:05:25.940" status="PASS"></status>
</kw>
<kw library="BuiltIn" name="Should Be Equal">
<doc>Fails if the given objects are unequal.</doc>
<arguments>
<arg>${text}</arg>
<arg>${mark}</arg>
</arguments>
<status endtime="20180212 18:05:25.947" starttime="20180212 18:05:25.945" status="PASS"></status>
</kw>
<status endtime="20180212 18:05:25.948" starttime="20180212 18:05:25.936" status="PASS"></status>
</kw>
<kw name="Mark Location">
<arguments>
<arg>2</arg>
<arg>0</arg>
</arguments>
<kw library="BuiltIn" name="Catenate">
<doc>Catenates the given items together and returns the resulted string.</doc>
<arguments>
<arg>SEPARATOR=</arg>
<arg>Square</arg>
<arg>${row}</arg>
<arg>${col}</arg>
</arguments>
<assign>
<var>${component}</var>
</assign>
<msg level="INFO" timestamp="20180212 18:05:25.951">${component} = Square20</msg>
<status endtime="20180212 18:05:25.952" starttime="20180212 18:05:25.949" status="PASS"></status>
</kw>
<kw library="SwingLibrary" name="Click On Component">
<doc>Clicks on a component.</doc>
<arguments>
<arg>${component}</arg>
</arguments>
<status endtime="20180212 18:05:25.961" starttime="20180212 18:05:25.952" status="PASS"></status>
</kw>
<status endtime="20180212 18:05:25.963" starttime="20180212 18:05:25.948" status="PASS"></status>
</kw>
<kw name="Check Location">
<arguments>
<arg>2</arg>
<arg>0</arg>
<arg>X</arg>
</arguments>
<kw library="BuiltIn" name="Catenate">
<doc>Catenates the given items together and returns the resulted string.</doc>
<arguments>
<arg>SEPARATOR=</arg>
<arg>Square</arg>
<arg>${row}</arg>
<arg>${col}</arg>
</arguments>
<assign>
<var>${component}</var>
</assign>
<msg level="INFO" timestamp="20180212 18:05:25.967">${component} = Square20</msg>
<status endtime="20180212 18:05:25.968" starttime="20180212 18:05:25.965" status="PASS"></status>
</kw>
<kw library="SwingLibrary" name="Get Button Text">
<doc>Uses current context to search for a button and when found, returns the text it is labeled with.</doc>
<arguments>
<arg>${component}</arg>
</arguments>
<assign>
<var>${text}</var>
</assign>
<msg level="INFO" timestamp="20180212 18:05:25.973">${text} = X</msg>
<status endtime="20180212 18:05:25.974" starttime="20180212 18:05:25.968" status="PASS"></status>
</kw>
<kw library="BuiltIn" name="Should Be Equal">
<doc>Fails if the given objects are unequal.</doc>
<arguments>
<arg>${text}</arg>
<arg>${mark}</arg>
</arguments>
<status endtime="20180212 18:05:25.975" starttime="20180212 18:05:25.974" status="PASS"></status>
</kw>
<status endtime="20180212 18:05:25.976" starttime="20180212 18:05:25.964" status="PASS"></status>
</kw>
<kw name="Mark Location">
<arguments>
<arg>0</arg>
<arg>2</arg>
</arguments>
<kw library="BuiltIn" name="Catenate">
<doc>Catenates the given items together and returns the resulted string.</doc>
<arguments>
<arg>SEPARATOR=</arg>
<arg>Square</arg>
<arg>${row}</arg>
<arg>${col}</arg>
</arguments>
<assign>
<var>${component}</var>
</assign>
<msg level="INFO" timestamp="20180212 18:05:25.981">${component} = Square02</msg>
<status endtime="20180212 18:05:25.982" starttime="20180212 18:05:25.979" status="PASS"></status>
</kw>
<kw library="SwingLibrary" name="Click On Component">
<doc>Clicks on a component.</doc>
<arguments>
<arg>${component}</arg>
</arguments>
<status endtime="20180212 18:05:25.999" starttime="20180212 18:05:25.982" status="PASS"></status>
</kw>
<status endtime="20180212 18:05:26.001" starttime="20180212 18:05:25.977" status="PASS"></status>
</kw>
<kw name="Check Location">
<arguments>
<arg>0</arg>
<arg>2</arg>
<arg>O</arg>
</arguments>
<kw library="BuiltIn" name="Catenate">
<doc>Catenates the given items together and returns the resulted string.</doc>
<arguments>
<arg>SEPARATOR=</arg>
<arg>Square</arg>
<arg>${row}</arg>
<arg>${col}</arg>
</arguments>
<assign>
<var>${component}</var>
</assign>
<msg level="INFO" timestamp="20180212 18:05:26.006">${component} = Square02</msg>
<status endtime="20180212 18:05:26.006" starttime="20180212 18:05:26.004" status="PASS"></status>
</kw>
<kw library="SwingLibrary" name="Get Button Text">
<doc>Uses current context to search for a button and when found, returns the text it is labeled with.</doc>
<arguments>
<arg>${component}</arg>
</arguments>
<assign>
<var>${text}</var>
</assign>
<msg level="INFO" timestamp="20180212 18:05:26.016">${text} = O</msg>
<status endtime="20180212 18:05:26.017" starttime="20180212 18:05:26.006" status="PASS"></status>
</kw>
<kw library="BuiltIn" name="Should Be Equal">
<doc>Fails if the given objects are unequal.</doc>
<arguments>
<arg>${text}</arg>
<arg>${mark}</arg>
</arguments>
<status endtime="20180212 18:05:26.018" starttime="20180212 18:05:26.017" status="PASS"></status>
</kw>
<status endtime="20180212 18:05:26.019" starttime="20180212 18:05:26.002" status="PASS"></status>
</kw>
<kw name="Mark Location">
<arguments>
<arg>0</arg>
<arg>1</arg>
</arguments>
<kw library="BuiltIn" name="Catenate">
<doc>Catenates the given items together and returns the resulted string.</doc>
<arguments>
<arg>SEPARATOR=</arg>
<arg>Square</arg>
<arg>${row}</arg>
<arg>${col}</arg>
</arguments>
<assign>
<var>${component}</var>
</assign>
<msg level="INFO" timestamp="20180212 18:05:26.023">${component} = Square01</msg>
<status endtime="20180212 18:05:26.023" starttime="20180212 18:05:26.021" status="PASS"></status>
</kw>
<kw library="SwingLibrary" name="Click On Component">
<doc>Clicks on a component.</doc>
<arguments>
<arg>${component}</arg>
</arguments>
<status endtime="20180212 18:05:26.032" starttime="20180212 18:05:26.024" status="PASS"></status>
</kw>
<status endtime="20180212 18:05:26.033" starttime="20180212 18:05:26.020" status="PASS"></status>
</kw>
<kw name="Check Location">
<arguments>
<arg>0</arg>
<arg>1</arg>
<arg>X</arg>
</arguments>
<kw library="BuiltIn" name="Catenate">
<doc>Catenates the given items together and returns the resulted string.</doc>
<arguments>
<arg>SEPARATOR=</arg>
<arg>Square</arg>
<arg>${row}</arg>
<arg>${col}</arg>
</arguments>
<assign>
<var>${component}</var>
</assign>
<msg level="INFO" timestamp="20180212 18:05:26.037">${component} = Square01</msg>
<status endtime="20180212 18:05:26.037" starttime="20180212 18:05:26.035" status="PASS"></status>
</kw>
<kw library="SwingLibrary" name="Get Button Text">
<doc>Uses current context to search for a button and when found, returns the text it is labeled with.</doc>
<arguments>
<arg>${component}</arg>
</arguments>
<assign>
<var>${text}</var>
</assign>
<msg level="INFO" timestamp="20180212 18:05:26.041">${text} = X</msg>
<status endtime="20180212 18:05:26.042" starttime="20180212 18:05:26.038" status="PASS"></status>
</kw>
<kw library="BuiltIn" name="Should Be Equal">
<doc>Fails if the given objects are unequal.</doc>
<arguments>
<arg>${text}</arg>
<arg>${mark}</arg>
</arguments>
<status endtime="20180212 18:05:26.044" starttime="20180212 18:05:26.042" status="PASS"></status>
</kw>
<status endtime="20180212 18:05:26.045" starttime="20180212 18:05:26.034" status="PASS"></status>
</kw>
<kw name="Mark Location">
<arguments>
<arg>2</arg>
<arg>1</arg>
</arguments>
<kw library="BuiltIn" name="Catenate">
<doc>Catenates the given items together and returns the resulted string.</doc>
<arguments>
<arg>SEPARATOR=</arg>
<arg>Square</arg>
<arg>${row}</arg>
<arg>${col}</arg>
</arguments>
<assign>
<var>${component}</var>
</assign>
<msg level="INFO" timestamp="20180212 18:05:26.048">${component} = Square21</msg>
<status endtime="20180212 18:05:26.049" starttime="20180212 18:05:26.047" status="PASS"></status>
</kw>
<kw library="SwingLibrary" name="Click On Component">
<doc>Clicks on a component.</doc>
<arguments>
<arg>${component}</arg>
</arguments>
<status endtime="20180212 18:05:26.054" starttime="20180212 18:05:26.049" status="PASS"></status>
</kw>
<status endtime="20180212 18:05:26.055" starttime="20180212 18:05:26.045" status="PASS"></status>
</kw>
<kw name="Check Location">
<arguments>
<arg>2</arg>
<arg>1</arg>
<arg>O</arg>
</arguments>
<kw library="BuiltIn" name="Catenate">
<doc>Catenates the given items together and returns the resulted string.</doc>
<arguments>
<arg>SEPARATOR=</arg>
<arg>Square</arg>
<arg>${row}</arg>
<arg>${col}</arg>
</arguments>
<assign>
<var>${component}</var>
</assign>
<msg level="INFO" timestamp="20180212 18:05:26.059">${component} = Square21</msg>
<status endtime="20180212 18:05:26.059" starttime="20180212 18:05:26.057" status="PASS"></status>
</kw>
<kw library="SwingLibrary" name="Get Button Text">
<doc>Uses current context to search for a button and when found, returns the text it is labeled with.</doc>
<arguments>
<arg>${component}</arg>
</arguments>
<assign>
<var>${text}</var>
</assign>
<msg level="INFO" timestamp="20180212 18:05:26.065">${text} = O</msg>
<status endtime="20180212 18:05:26.065" starttime="20180212 18:05:26.060" status="PASS"></status>
</kw>
<kw library="BuiltIn" name="Should Be Equal">
<doc>Fails if the given objects are unequal.</doc>
<arguments>
<arg>${text}</arg>
<arg>${mark}</arg>
</arguments>
<status endtime="20180212 18:05:26.067" starttime="20180212 18:05:26.066" status="PASS"></status>
</kw>
<status endtime="20180212 18:05:26.068" starttime="20180212 18:05:26.056" status="PASS"></status>
</kw>
<kw name="Mark Location">
<arguments>
<arg>1</arg>
<arg>2</arg>
</arguments>
<kw library="BuiltIn" name="Catenate">
<doc>Catenates the given items together and returns the resulted string.</doc>
<arguments>
<arg>SEPARATOR=</arg>
<arg>Square</arg>
<arg>${row}</arg>
<arg>${col}</arg>
</arguments>
<assign>
<var>${component}</var>
</assign>
<msg level="INFO" timestamp="20180212 18:05:26.071">${component} = Square12</msg>
<status endtime="20180212 18:05:26.072" starttime="20180212 18:05:26.069" status="PASS"></status>
</kw>
<kw library="SwingLibrary" name="Click On Component">
<doc>Clicks on a component.</doc>
<arguments>
<arg>${component}</arg>
</arguments>
<status endtime="20180212 18:05:26.080" starttime="20180212 18:05:26.072" status="PASS"></status>
</kw>
<status endtime="20180212 18:05:26.081" starttime="20180212 18:05:26.068" status="PASS"></status>
</kw>
<kw name="Check Location">
<arguments>
<arg>1</arg>
<arg>2</arg>
<arg>X</arg>
</arguments>
<kw library="BuiltIn" name="Catenate">
<doc>Catenates the given items together and returns the resulted string.</doc>
<arguments>
<arg>SEPARATOR=</arg>
<arg>Square</arg>
<arg>${row}</arg>
<arg>${col}</arg>
</arguments>
<assign>
<var>${component}</var>
</assign>
<msg level="INFO" timestamp="20180212 18:05:26.086">${component} = Square12</msg>
<status endtime="20180212 18:05:26.086" starttime="20180212 18:05:26.084" status="PASS"></status>
</kw>
<kw library="SwingLibrary" name="Get Button Text">
<doc>Uses current context to search for a button and when found, returns the text it is labeled with.</doc>
<arguments>
<arg>${component}</arg>
</arguments>
<assign>
<var>${text}</var>
</assign>
<msg level="INFO" timestamp="20180212 18:05:26.097">${text} = X</msg>
<status endtime="20180212 18:05:26.097" starttime="20180212 18:05:26.086" status="PASS"></status>
</kw>
<kw library="BuiltIn" name="Should Be Equal">
<doc>Fails if the given objects are unequal.</doc>
<arguments>
<arg>${text}</arg>
<arg>${mark}</arg>
</arguments>
<status endtime="20180212 18:05:26.102" starttime="20180212 18:05:26.098" status="PASS"></status>
</kw>
<status endtime="20180212 18:05:26.110" starttime="20180212 18:05:26.082" status="PASS"></status>
</kw>
<kw name="Mark Location">
<arguments>
<arg>1</arg>
<arg>0</arg>
</arguments>
<kw library="BuiltIn" name="Catenate">
<doc>Catenates the given items together and returns the resulted string.</doc>
<arguments>
<arg>SEPARATOR=</arg>
<arg>Square</arg>
<arg>${row}</arg>
<arg>${col}</arg>
</arguments>
<assign>
<var>${component}</var>
</assign>
<msg level="INFO" timestamp="20180212 18:05:26.115">${component} = Square10</msg>
<status endtime="20180212 18:05:26.116" starttime="20180212 18:05:26.113" status="PASS"></status>
</kw>
<kw library="SwingLibrary" name="Click On Component">
<doc>Clicks on a component.</doc>
<arguments>
<arg>${component}</arg>
</arguments>
<status endtime="20180212 18:05:26.121" starttime="20180212 18:05:26.116" status="PASS"></status>
</kw>
<status endtime="20180212 18:05:26.122" starttime="20180212 18:05:26.110" status="PASS"></status>
</kw>
<kw name="Check Location">
<arguments>
<arg>1</arg>
<arg>0</arg>
<arg>O</arg>
</arguments>
<kw library="BuiltIn" name="Catenate">
<doc>Catenates the given items together and returns the resulted string.</doc>
<arguments>
<arg>SEPARATOR=</arg>
<arg>Square</arg>
<arg>${row}</arg>
<arg>${col}</arg>
</arguments>
<assign>
<var>${component}</var>
</assign>
<msg level="INFO" timestamp="20180212 18:05:26.126">${component} = Square10</msg>
<status endtime="20180212 18:05:26.127" starttime="20180212 18:05:26.125" status="PASS"></status>
</kw>
<kw library="SwingLibrary" name="Get Button Text">
<doc>Uses current context to search for a button and when found, returns the text it is labeled with.</doc>
<arguments>
<arg>${component}</arg>
</arguments>
<assign>
<var>${text}</var>
</assign>
<msg level="INFO" timestamp="20180212 18:05:26.131">${text} = O</msg>
<status endtime="20180212 18:05:26.131" starttime="20180212 18:05:26.127" status="PASS"></status>
</kw>
<kw library="BuiltIn" name="Should Be Equal">
<doc>Fails if the given objects are unequal.</doc>
<arguments>
<arg>${text}</arg>
<arg>${mark}</arg>
</arguments>
<status endtime="20180212 18:05:26.133" starttime="20180212 18:05:26.131" status="PASS"></status>
</kw>
<status endtime="20180212 18:05:26.134" starttime="20180212 18:05:26.123" status="PASS"></status>
</kw>
<kw name="Mark Location">
<arguments>
<arg>2</arg>
<arg>2</arg>
</arguments>
<kw library="BuiltIn" name="Catenate">
<doc>Catenates the given items together and returns the resulted string.</doc>
<arguments>
<arg>SEPARATOR=</arg>
<arg>Square</arg>
<arg>${row}</arg>
<arg>${col}</arg>
</arguments>
<assign>
<var>${component}</var>
</assign>
<msg level="INFO" timestamp="20180212 18:05:26.137">${component} = Square22</msg>
<status endtime="20180212 18:05:26.137" starttime="20180212 18:05:26.135" status="PASS"></status>
</kw>
<kw library="SwingLibrary" name="Click On Component">
<doc>Clicks on a component.</doc>
<arguments>
<arg>${component}</arg>
</arguments>
<status endtime="20180212 18:05:26.154" starttime="20180212 18:05:26.138" status="PASS"></status>
</kw>
<status endtime="20180212 18:05:26.155" starttime="20180212 18:05:26.134" status="PASS"></status>
</kw>
<kw name="Check Location">
<arguments>
<arg>2</arg>
<arg>2</arg>
<arg>X</arg>
</arguments>
<kw library="BuiltIn" name="Catenate">
<doc>Catenates the given items together and returns the resulted string.</doc>
<arguments>
<arg>SEPARATOR=</arg>
<arg>Square</arg>
<arg>${row}</arg>
<arg>${col}</arg>
</arguments>
<assign>
<var>${component}</var>
</assign>
<msg level="INFO" timestamp="20180212 18:05:26.159">${component} = Square22</msg>
<status endtime="20180212 18:05:26.159" starttime="20180212 18:05:26.157" status="PASS"></status>
</kw>
<kw library="SwingLibrary" name="Get Button Text">
<doc>Uses current context to search for a button and when found, returns the text it is labeled with.</doc>
<arguments>
<arg>${component}</arg>
</arguments>
<assign>
<var>${text}</var>
</assign>
<msg level="INFO" timestamp="20180212 18:05:26.177">${text} = X</msg>
<status endtime="20180212 18:05:26.178" starttime="20180212 18:05:26.160" status="PASS"></status>
</kw>
<kw library="BuiltIn" name="Should Be Equal">
<doc>Fails if the given objects are unequal.</doc>
<arguments>
<arg>${text}</arg>
<arg>${mark}</arg>
</arguments>
<status endtime="20180212 18:05:26.187" starttime="20180212 18:05:26.182" status="PASS"></status>
</kw>
<status endtime="20180212 18:05:26.189" starttime="20180212 18:05:26.156" status="PASS"></status>
</kw>
<kw name="Winner Should Be">
<arguments>
<arg>TIE</arg>
</arguments>
<kw library="SwingLibrary" name="Get Label Content">
<doc>Returns the text displayed on a label.</doc>
<arguments>
<arg>ResultLabel</arg>
</arguments>
<assign>
<var>${text}</var>
</assign>
<msg level="INFO" timestamp="20180212 18:05:26.211">${text} = TIE</msg>
<status endtime="20180212 18:05:26.211" starttime="20180212 18:05:26.202" status="PASS"></status>
</kw>
<kw library="BuiltIn" name="Should Be Equal">
<doc>Fails if the given objects are unequal.</doc>
<arguments>
<arg>${text}</arg>
<arg>${winner}</arg>
</arguments>
<status endtime="20180212 18:05:26.214" starttime="20180212 18:05:26.212" status="PASS"></status>
</kw>
<kw library="SwingLibrary" name="Close Window">
<doc>Closes a window.</doc>
<arguments>
<arg>Tic-Tac-Toe</arg>
</arguments>
<status endtime="20180212 18:05:26.370" starttime="20180212 18:05:26.214" status="PASS"></status>
</kw>
<status endtime="20180212 18:05:26.371" starttime="20180212 18:05:26.192" status="PASS"></status>
</kw>
<status critical="yes" endtime="20180212 18:05:26.372" starttime="20180212 18:05:25.838" status="PASS"></status>
</test>
<status endtime="20180212 18:05:26.384" starttime="20180212 18:05:23.229" status="PASS"></status>
</suite>
<suite source="C:\Users\Andrew\Desktop\cs310-tic-tac-toe\src\test\acceptancetest\TicTacToeTests.robot" name="TicTacToeTests" id="s1-s2">
<test name="Win Diagonally as X" id="s1-s2-t1">
<kw library="keywords.TicTacToeKeywords" name="Start New Game">
<status endtime="20180212 18:05:26.477" starttime="20180212 18:05:26.472" status="PASS"></status>
</kw>
<kw library="keywords.TicTacToeKeywords" name="Mark Location">
<arguments>
<arg>1</arg>
<arg>1</arg>
</arguments>
<status endtime="20180212 18:05:26.485" starttime="20180212 18:05:26.480" status="PASS"></status>
</kw>
<kw name="Check Location">
<arguments>
<arg>1</arg>
<arg>1</arg>
<arg>X</arg>
</arguments>
<kw library="keywords.TicTacToeKeywords" name="Get Mark">
<arguments>
<arg>${row}</arg>
<arg>${col}</arg>
</arguments>
<assign>
<var>${m}</var>
</assign>
<msg level="INFO" timestamp="20180212 18:05:26.509">${m} = X</msg>
<status endtime="20180212 18:05:26.510" starttime="20180212 18:05:26.496" status="PASS"></status>
</kw>
<kw library="BuiltIn" name="Should Be Equal">
<doc>Fails if the given objects are unequal.</doc>
<arguments>
<arg>${m}</arg>
<arg>${mark}</arg>
</arguments>
<status endtime="20180212 18:05:26.528" starttime="20180212 18:05:26.513" status="PASS"></status>
</kw>
<status endtime="20180212 18:05:26.533" starttime="20180212 18:05:26.486" status="PASS"></status>
</kw>
<kw library="keywords.TicTacToeKeywords" name="Mark Location">
<arguments>
<arg>0</arg>
<arg>1</arg>
</arguments>
<status endtime="20180212 18:05:26.544" starttime="20180212 18:05:26.540" status="PASS"></status>
</kw>
<kw name="Check Location">
<arguments>
<arg>0</arg>
<arg>1</arg>
<arg>O</arg>
</arguments>
<kw library="keywords.TicTacToeKeywords" name="Get Mark">
<arguments>
<arg>${row}</arg>
<arg>${col}</arg>
</arguments>
<assign>
<var>${m}</var>
</assign>
<msg level="INFO" timestamp="20180212 18:05:26.552">${m} = O</msg>
<status endtime="20180212 18:05:26.552" starttime="20180212 18:05:26.549" status="PASS"></status>
</kw>
<kw library="BuiltIn" name="Should Be Equal">
<doc>Fails if the given objects are unequal.</doc>
<arguments>
<arg>${m}</arg>
<arg>${mark}</arg>
</arguments>
<status endtime="20180212 18:05:26.554" starttime="20180212 18:05:26.553" status="PASS"></status>
</kw>
<status endtime="20180212 18:05:26.556" starttime="20180212 18:05:26.548" status="PASS"></status>
</kw>
<kw library="keywords.TicTacToeKeywords" name="Mark Location">
<arguments>
<arg>0</arg>
<arg>0</arg>
</arguments>
<status endtime="20180212 18:05:26.562" starttime="20180212 18:05:26.559" status="PASS"></status>
</kw>
<kw name="Check Location">
<arguments>
<arg>0</arg>
<arg>0</arg>
<arg>X</arg>
</arguments>
<kw library="keywords.TicTacToeKeywords" name="Get Mark">
<arguments>
<arg>${row}</arg>
<arg>${col}</arg>
</arguments>
<assign>
<var>${m}</var>
</assign>
<msg level="INFO" timestamp="20180212 18:05:26.585">${m} = X</msg>
<status endtime="20180212 18:05:26.586" starttime="20180212 18:05:26.564" status="PASS"></status>
</kw>
<kw library="BuiltIn" name="Should Be Equal">
<doc>Fails if the given objects are unequal.</doc>
<arguments>
<arg>${m}</arg>
<arg>${mark}</arg>
</arguments>
<status endtime="20180212 18:05:26.595" starttime="20180212 18:05:26.589" status="PASS"></status>
</kw>
<status endtime="20180212 18:05:26.595" starttime="20180212 18:05:26.562" status="PASS"></status>
</kw>
<kw library="keywords.TicTacToeKeywords" name="Mark Location">
<arguments>
<arg>0</arg>
<arg>2</arg>
</arguments>
<status endtime="20180212 18:05:26.599" starttime="20180212 18:05:26.596" status="PASS"></status>
</kw>
<kw name="Check Location">
<arguments>
<arg>0</arg>
<arg>2</arg>
<arg>O</arg>
</arguments>
<kw library="keywords.TicTacToeKeywords" name="Get Mark">
<arguments>
<arg>${row}</arg>
<arg>${col}</arg>
</arguments>
<assign>
<var>${m}</var>
</assign>
<msg level="INFO" timestamp="20180212 18:05:26.606">${m} = O</msg>
<status endtime="20180212 18:05:26.607" starttime="20180212 18:05:26.603" status="PASS"></status>
</kw>
<kw library="BuiltIn" name="Should Be Equal">
<doc>Fails if the given objects are unequal.</doc>
<arguments>
<arg>${m}</arg>
<arg>${mark}</arg>
</arguments>
<status endtime="20180212 18:05:26.614" starttime="20180212 18:05:26.612" status="PASS"></status>
</kw>
<status endtime="20180212 18:05:26.614" starttime="20180212 18:05:26.601" status="PASS"></status>
</kw>
<kw library="keywords.TicTacToeKeywords" name="Mark Location">
<arguments>
<arg>2</arg>
<arg>2</arg>
</arguments>
<status endtime="20180212 18:05:26.616" starttime="20180212 18:05:26.615" status="PASS"></status>
</kw>
<kw name="Check Location">
<arguments>
<arg>2</arg>
<arg>2</arg>
<arg>X</arg>
</arguments>
<kw library="keywords.TicTacToeKeywords" name="Get Mark">
<arguments>
<arg>${row}</arg>
<arg>${col}</arg>
</arguments>
<assign>
<var>${m}</var>
</assign>
<msg level="INFO" timestamp="20180212 18:05:26.624">${m} = X</msg>
<status endtime="20180212 18:05:26.626" starttime="20180212 18:05:26.621" status="PASS"></status>
</kw>
<kw library="BuiltIn" name="Should Be Equal">
<doc>Fails if the given objects are unequal.</doc>
<arguments>
<arg>${m}</arg>
<arg>${mark}</arg>
</arguments>
<status endtime="20180212 18:05:26.629" starttime="20180212 18:05:26.626" status="PASS"></status>
</kw>
<status endtime="20180212 18:05:26.630" starttime="20180212 18:05:26.619" status="PASS"></status>
</kw>
<kw name="Winner Should Be">
<arguments>
<arg>X</arg>
</arguments>
<kw library="keywords.TicTacToeKeywords" name="Get Winner">
<assign>
<var>${m}</var>
</assign>
<msg level="INFO" timestamp="20180212 18:05:26.634">${m} = X</msg>
<status endtime="20180212 18:05:26.635" starttime="20180212 18:05:26.632" status="PASS"></status>
</kw>
<kw library="BuiltIn" name="Should Be Equal">
<doc>Fails if the given objects are unequal.</doc>
<arguments>
<arg>${m}</arg>
<arg>${mark}</arg>
</arguments>
<status endtime="20180212 18:05:26.649" starttime="20180212 18:05:26.637" status="PASS"></status>
</kw>
<status endtime="20180212 18:05:26.655" starttime="20180212 18:05:26.631" status="PASS"></status>
</kw>
<status critical="yes" endtime="20180212 18:05:26.664" starttime="20180212 18:05:26.464" status="PASS"></status>
</test>
<test name="Win Horizontally as O" id="s1-s2-t2">
<kw library="keywords.TicTacToeKeywords" name="Start New Game">
<status endtime="20180212 18:05:26.702" starttime="20180212 18:05:26.701" status="PASS"></status>
</kw>
<kw library="keywords.TicTacToeKeywords" name="Mark Location">
<arguments>
<arg>1</arg>
<arg>1</arg>
</arguments>
<status endtime="20180212 18:05:26.704" starttime="20180212 18:05:26.703" status="PASS"></status>
</kw>
<kw name="Check Location">
<arguments>
<arg>1</arg>
<arg>1</arg>
<arg>X</arg>
</arguments>
<kw library="keywords.TicTacToeKeywords" name="Get Mark">
<arguments>
<arg>${row}</arg>
<arg>${col}</arg>
</arguments>
<assign>
<var>${m}</var>
</assign>
<msg level="INFO" timestamp="20180212 18:05:26.717">${m} = X</msg>
<status endtime="20180212 18:05:26.721" starttime="20180212 18:05:26.710" status="PASS"></status>
</kw>
<kw library="BuiltIn" name="Should Be Equal">
<doc>Fails if the given objects are unequal.</doc>
<arguments>
<arg>${m}</arg>
<arg>${mark}</arg>
</arguments>
<status endtime="20180212 18:05:26.726" starttime="20180212 18:05:26.724" status="PASS"></status>
</kw>
<status endtime="20180212 18:05:26.727" starttime="20180212 18:05:26.705" status="PASS"></status>
</kw>
<kw library="keywords.TicTacToeKeywords" name="Mark Location">
<arguments>
<arg>2</arg>
<arg>0</arg>
</arguments>
<status endtime="20180212 18:05:26.728" starttime="20180212 18:05:26.727" status="PASS"></status>
</kw>
<kw name="Check Location">
<arguments>
<arg>2</arg>
<arg>0</arg>
<arg>O</arg>
</arguments>
<kw library="keywords.TicTacToeKeywords" name="Get Mark">
<arguments>
<arg>${row}</arg>
<arg>${col}</arg>
</arguments>
<assign>
<var>${m}</var>
</assign>
<msg level="INFO" timestamp="20180212 18:05:26.735">${m} = O</msg>
<status endtime="20180212 18:05:26.736" starttime="20180212 18:05:26.731" status="PASS"></status>
</kw>
<kw library="BuiltIn" name="Should Be Equal">
<doc>Fails if the given objects are unequal.</doc>
<arguments>
<arg>${m}</arg>
<arg>${mark}</arg>
</arguments>
<status endtime="20180212 18:05:26.737" starttime="20180212 18:05:26.736" status="PASS"></status>
</kw>
<status endtime="20180212 18:05:26.742" starttime="20180212 18:05:26.729" status="PASS"></status>
</kw>
<kw library="keywords.TicTacToeKeywords" name="Mark Location">
<arguments>
<arg>0</arg>
<arg>0</arg>
</arguments>
<status endtime="20180212 18:05:26.746" starttime="20180212 18:05:26.745" status="PASS"></status>
</kw>
<kw name="Check Location">
<arguments>
<arg>0</arg>
<arg>0</arg>
<arg>X</arg>
</arguments>
<kw library="keywords.TicTacToeKeywords" name="Get Mark">
<arguments>
<arg>${row}</arg>
<arg>${col}</arg>
</arguments>
<assign>
<var>${m}</var>
</assign>
<msg level="INFO" timestamp="20180212 18:05:26.752">${m} = X</msg>
<status endtime="20180212 18:05:26.753" starttime="20180212 18:05:26.751" status="PASS"></status>
</kw>
<kw library="BuiltIn" name="Should Be Equal">
<doc>Fails if the given objects are unequal.</doc>
<arguments>
<arg>${m}</arg>
<arg>${mark}</arg>
</arguments>
<status endtime="20180212 18:05:26.758" starttime="20180212 18:05:26.753" status="PASS"></status>
</kw>
<status endtime="20180212 18:05:26.762" starttime="20180212 18:05:26.747" status="PASS"></status>
</kw>
<kw library="keywords.TicTacToeKeywords" name="Mark Location">
<arguments>
<arg>2</arg>
<arg>2</arg>
</arguments>
<status endtime="20180212 18:05:26.769" starttime="20180212 18:05:26.767" status="PASS"></status>
</kw>
<kw name="Check Location">
<arguments>
<arg>2</arg>
<arg>2</arg>
<arg>O</arg>
</arguments>
<kw library="keywords.TicTacToeKeywords" name="Get Mark">
<arguments>
<arg>${row}</arg>
<arg>${col}</arg>
</arguments>
<assign>
<var>${m}</var>
</assign>
<msg level="INFO" timestamp="20180212 18:05:26.809">${m} = O</msg>
<status endtime="20180212 18:05:26.817" starttime="20180212 18:05:26.771" status="PASS"></status>
</kw>
<kw library="BuiltIn" name="Should Be Equal">
<doc>Fails if the given objects are unequal.</doc>
<arguments>
<arg>${m}</arg>
<arg>${mark}</arg>
</arguments>
<status endtime="20180212 18:05:26.819" starttime="20180212 18:05:26.817" status="PASS"></status>
</kw>
<status endtime="20180212 18:05:26.819" starttime="20180212 18:05:26.769" status="PASS"></status>
</kw>
<kw library="keywords.TicTacToeKeywords" name="Mark Location">
<arguments>
<arg>0</arg>
<arg>2</arg>
</arguments>
<status endtime="20180212 18:05:26.820" starttime="20180212 18:05:26.819" status="PASS"></status>
</kw>
<kw name="Check Location">
<arguments>
<arg>0</arg>
<arg>2</arg>
<arg>X</arg>
</arguments>
<kw library="keywords.TicTacToeKeywords" name="Get Mark">
<arguments>
<arg>${row}</arg>
<arg>${col}</arg>
</arguments>
<assign>
<var>${m}</var>
</assign>
<msg level="INFO" timestamp="20180212 18:05:26.834">${m} = X</msg>
<status endtime="20180212 18:05:26.835" starttime="20180212 18:05:26.826" status="PASS"></status>
</kw>
<kw library="BuiltIn" name="Should Be Equal">
<doc>Fails if the given objects are unequal.</doc>
<arguments>
<arg>${m}</arg>
<arg>${mark}</arg>
</arguments>
<status endtime="20180212 18:05:26.844" starttime="20180212 18:05:26.836" status="PASS"></status>
</kw>
<status endtime="20180212 18:05:26.847" starttime="20180212 18:05:26.821" status="PASS"></status>
</kw>
<kw library="keywords.TicTacToeKeywords" name="Mark Location">
<arguments>
<arg>2</arg>
<arg>1</arg>
</arguments>
<status endtime="20180212 18:05:26.860" starttime="20180212 18:05:26.851" status="PASS"></status>
</kw>
<kw name="Check Location">
<arguments>
<arg>2</arg>
<arg>1</arg>
<arg>O</arg>
</arguments>
<kw library="keywords.TicTacToeKeywords" name="Get Mark">
<arguments>
<arg>${row}</arg>
<arg>${col}</arg>
</arguments>
<assign>
<var>${m}</var>
</assign>
<msg level="INFO" timestamp="20180212 18:05:26.893">${m} = O</msg>
<status endtime="20180212 18:05:26.896" starttime="20180212 18:05:26.880" status="PASS"></status>
</kw>
<kw library="BuiltIn" name="Should Be Equal">
<doc>Fails if the given objects are unequal.</doc>
<arguments>
<arg>${m}</arg>
<arg>${mark}</arg>
</arguments>
<status endtime="20180212 18:05:26.904" starttime="20180212 18:05:26.896" status="PASS"></status>
</kw>
<status endtime="20180212 18:05:26.911" starttime="20180212 18:05:26.867" status="PASS"></status>
</kw>
<kw name="Winner Should Be">
<arguments>
<arg>O</arg>
</arguments>
<kw library="keywords.TicTacToeKeywords" name="Get Winner">
<assign>
<var>${m}</var>
</assign>
<msg level="INFO" timestamp="20180212 18:05:26.937">${m} = O</msg>
<status endtime="20180212 18:05:26.940" starttime="20180212 18:05:26.929" status="PASS"></status>
</kw>
<kw library="BuiltIn" name="Should Be Equal">
<doc>Fails if the given objects are unequal.</doc>
<arguments>
<arg>${m}</arg>
<arg>${mark}</arg>
</arguments>
<status endtime="20180212 18:05:26.944" starttime="20180212 18:05:26.941" status="PASS"></status>
</kw>
<status endtime="20180212 18:05:26.946" starttime="20180212 18:05:26.917" status="PASS"></status>
</kw>
<status critical="yes" endtime="20180212 18:05:26.952" starttime="20180212 18:05:26.678" status="PASS"></status>
</test>
<test name="Force a Tie" id="s1-s2-t3">
<kw library="keywords.TicTacToeKeywords" name="Start New Game">
<status endtime="20180212 18:05:26.988" starttime="20180212 18:05:26.978" status="PASS"></status>
</kw>
<kw library="keywords.TicTacToeKeywords" name="Mark Location">
<arguments>
<arg>1</arg>
<arg>1</arg>
</arguments>
<status endtime="20180212 18:05:27.009" starttime="20180212 18:05:26.995" status="PASS"></status>
</kw>
<kw name="Check Location">
<arguments>
<arg>1</arg>
<arg>1</arg>
<arg>X</arg>
</arguments>
<kw library="keywords.TicTacToeKeywords" name="Get Mark">
<arguments>
<arg>${row}</arg>
<arg>${col}</arg>
</arguments>
<assign>
<var>${m}</var>
</assign>
<msg level="INFO" timestamp="20180212 18:05:27.021">${m} = X</msg>
<status endtime="20180212 18:05:27.021" starttime="20180212 18:05:27.019" status="PASS"></status>
</kw>
<kw library="BuiltIn" name="Should Be Equal">
<doc>Fails if the given objects are unequal.</doc>
<arguments>
<arg>${m}</arg>
<arg>${mark}</arg>
</arguments>
<status endtime="20180212 18:05:27.024" starttime="20180212 18:05:27.022" status="PASS"></status>
</kw>
<status endtime="20180212 18:05:27.025" starttime="20180212 18:05:27.018" status="PASS"></status>
</kw>
<kw library="keywords.TicTacToeKeywords" name="Mark Location">
<arguments>
<arg>0</arg>
<arg>0</arg>
</arguments>
<status endtime="20180212 18:05:27.028" starttime="20180212 18:05:27.025" status="PASS"></status>
</kw>
<kw name="Check Location">
<arguments>
<arg>0</arg>
<arg>0</arg>
<arg>O</arg>
</arguments>
<kw library="keywords.TicTacToeKeywords" name="Get Mark">
<arguments>
<arg>${row}</arg>
<arg>${col}</arg>
</arguments>
<assign>
<var>${m}</var>
</assign>
<msg level="INFO" timestamp="20180212 18:05:27.038">${m} = O</msg>
<status endtime="20180212 18:05:27.038" starttime="20180212 18:05:27.032" status="PASS"></status>
</kw>
<kw library="BuiltIn" name="Should Be Equal">
<doc>Fails if the given objects are unequal.</doc>
<arguments>
<arg>${m}</arg>
<arg>${mark}</arg>
</arguments>
<status endtime="20180212 18:05:27.041" starttime="20180212 18:05:27.039" status="PASS"></status>
</kw>
<status endtime="20180212 18:05:27.042" starttime="20180212 18:05:27.031" status="PASS"></status>
</kw>
<kw library="keywords.TicTacToeKeywords" name="Mark Location">
<arguments>
<arg>2</arg>
<arg>0</arg>
</arguments>
<status endtime="20180212 18:05:27.044" starttime="20180212 18:05:27.042" status="PASS"></status>
</kw>
<kw name="Check Location">
<arguments>
<arg>2</arg>
<arg>0</arg>
<arg>X</arg>
</arguments>
<kw library="keywords.TicTacToeKeywords" name="Get Mark">
<arguments>
<arg>${row}</arg>
<arg>${col}</arg>
</arguments>
<assign>
<var>${m}</var>
</assign>
<msg level="INFO" timestamp="20180212 18:05:27.065">${m} = X</msg>
<status endtime="20180212 18:05:27.068" starttime="20180212 18:05:27.054" status="PASS"></status>
</kw>
<kw library="BuiltIn" name="Should Be Equal">
<doc>Fails if the given objects are unequal.</doc>
<arguments>
<arg>${m}</arg>
<arg>${mark}</arg>
</arguments>
<status endtime="20180212 18:05:27.084" starttime="20180212 18:05:27.073" status="PASS"></status>
</kw>
<status endtime="20180212 18:05:27.085" starttime="20180212 18:05:27.046" status="PASS"></status>
</kw>
<kw library="keywords.TicTacToeKeywords" name="Mark Location">
<arguments>
<arg>0</arg>
<arg>2</arg>
</arguments>
<status endtime="20180212 18:05:27.101" starttime="20180212 18:05:27.088" status="PASS"></status>
</kw>
<kw name="Check Location">
<arguments>
<arg>0</arg>
<arg>2</arg>
<arg>O</arg>
</arguments>
<kw library="keywords.TicTacToeKeywords" name="Get Mark">
<arguments>
<arg>${row}</arg>
<arg>${col}</arg>
</arguments>
<assign>
<var>${m}</var>
</assign>
<msg level="INFO" timestamp="20180212 18:05:27.104">${m} = O</msg>
<status endtime="20180212 18:05:27.105" starttime="20180212 18:05:27.103" status="PASS"></status>
</kw>
<kw library="BuiltIn" name="Should Be Equal">
<doc>Fails if the given objects are unequal.</doc>
<arguments>
<arg>${m}</arg>
<arg>${mark}</arg>
</arguments>
<status endtime="20180212 18:05:27.107" starttime="20180212 18:05:27.105" status="PASS"></status>
</kw>
<status endtime="20180212 18:05:27.107" starttime="20180212 18:05:27.102" status="PASS"></status>
</kw>
<kw library="keywords.TicTacToeKeywords" name="Mark Location">
<arguments>
<arg>0</arg>
<arg>1</arg>
</arguments>
<status endtime="20180212 18:05:27.109" starttime="20180212 18:05:27.108" status="PASS"></status>
</kw>
<kw name="Check Location">
<arguments>
<arg>0</arg>
<arg>1</arg>
<arg>X</arg>
</arguments>
<kw library="keywords.TicTacToeKeywords" name="Get Mark">
<arguments>
<arg>${row}</arg>
<arg>${col}</arg>
</arguments>
<assign>
<var>${m}</var>
</assign>
<msg level="INFO" timestamp="20180212 18:05:27.112">${m} = X</msg>
<status endtime="20180212 18:05:27.113" starttime="20180212 18:05:27.110" status="PASS"></status>
</kw>
<kw library="BuiltIn" name="Should Be Equal">
<doc>Fails if the given objects are unequal.</doc>
<arguments>
<arg>${m}</arg>
<arg>${mark}</arg>
</arguments>
<status endtime="20180212 18:05:27.114" starttime="20180212 18:05:27.113" status="PASS"></status>
</kw>
<status endtime="20180212 18:05:27.115" starttime="20180212 18:05:27.109" status="PASS"></status>
</kw>
<kw library="keywords.TicTacToeKeywords" name="Mark Location">
<arguments>
<arg>2</arg>
<arg>1</arg>
</arguments>
<status endtime="20180212 18:05:27.117" starttime="20180212 18:05:27.116" status="PASS"></status>
</kw>
<kw name="Check Location">
<arguments>
<arg>2</arg>
<arg>1</arg>
<arg>O</arg>
</arguments>
<kw library="keywords.TicTacToeKeywords" name="Get Mark">
<arguments>
<arg>${row}</arg>
<arg>${col}</arg>
</arguments>
<assign>
<var>${m}</var>
</assign>
<msg level="INFO" timestamp="20180212 18:05:27.124">${m} = O</msg>
<status endtime="20180212 18:05:27.124" starttime="20180212 18:05:27.121" status="PASS"></status>
</kw>
<kw library="BuiltIn" name="Should Be Equal">
<doc>Fails if the given objects are unequal.</doc>
<arguments>
<arg>${m}</arg>
<arg>${mark}</arg>
</arguments>
<status endtime="20180212 18:05:27.126" starttime="20180212 18:05:27.124" status="PASS"></status>
</kw>
<status endtime="20180212 18:05:27.127" starttime="20180212 18:05:27.118" status="PASS"></status>
</kw>
<kw library="keywords.TicTacToeKeywords" name="Mark Location">
<arguments>
<arg>1</arg>
<arg>2</arg>
</arguments>
<status endtime="20180212 18:05:27.128" starttime="20180212 18:05:27.127" status="PASS"></status>
</kw>
<kw name="Check Location">
<arguments>
<arg>1</arg>
<arg>2</arg>
<arg>X</arg>
</arguments>
<kw library="keywords.TicTacToeKeywords" name="Get Mark">
<arguments>
<arg>${row}</arg>
<arg>${col}</arg>
</arguments>
<assign>
<var>${m}</var>
</assign>
<msg level="INFO" timestamp="20180212 18:05:27.131">${m} = X</msg>
<status endtime="20180212 18:05:27.131" starttime="20180212 18:05:27.130" status="PASS"></status>
</kw>
<kw library="BuiltIn" name="Should Be Equal">
<doc>Fails if the given objects are unequal.</doc>
<arguments>
<arg>${m}</arg>
<arg>${mark}</arg>
</arguments>
<status endtime="20180212 18:05:27.143" starttime="20180212 18:05:27.133" status="PASS"></status>
</kw>
<status endtime="20180212 18:05:27.144" starttime="20180212 18:05:27.128" status="PASS"></status>
</kw>
<kw library="keywords.TicTacToeKeywords" name="Mark Location">
<arguments>
<arg>1</arg>
<arg>0</arg>
</arguments>
<status endtime="20180212 18:05:27.147" starttime="20180212 18:05:27.145" status="PASS"></status>
</kw>
<kw name="Check Location">
<arguments>
<arg>1</arg>
<arg>0</arg>
<arg>O</arg>
</arguments>
<kw library="keywords.TicTacToeKeywords" name="Get Mark">
<arguments>
<arg>${row}</arg>
<arg>${col}</arg>
</arguments>
<assign>
<var>${m}</var>
</assign>
<msg level="INFO" timestamp="20180212 18:05:27.152">${m} = O</msg>
<status endtime="20180212 18:05:27.153" starttime="20180212 18:05:27.151" status="PASS"></status>
</kw>
<kw library="BuiltIn" name="Should Be Equal">
<doc>Fails if the given objects are unequal.</doc>
<arguments>
<arg>${m}</arg>
<arg>${mark}</arg>
</arguments>
<status endtime="20180212 18:05:27.159" starttime="20180212 18:05:27.157" status="PASS"></status>
</kw>
<status endtime="20180212 18:05:27.160" starttime="20180212 18:05:27.147" status="PASS"></status>
</kw>
<kw library="keywords.TicTacToeKeywords" name="Mark Location">
<arguments>
<arg>2</arg>
<arg>2</arg>
</arguments>
<status endtime="20180212 18:05:27.164" starttime="20180212 18:05:27.161" status="PASS"></status>
</kw>
<kw name="Check Location">
<arguments>
<arg>2</arg>
<arg>2</arg>
<arg>X</arg>
</arguments>
<kw library="keywords.TicTacToeKeywords" name="Get Mark">
<arguments>
<arg>${row}</arg>
<arg>${col}</arg>
</arguments>
<assign>
<var>${m}</var>
</assign>
<msg level="INFO" timestamp="20180212 18:05:27.168">${m} = X</msg>
<status endtime="20180212 18:05:27.168" starttime="20180212 18:05:27.166" status="PASS"></status>
</kw>
<kw library="BuiltIn" name="Should Be Equal">
<doc>Fails if the given objects are unequal.</doc>
<arguments>
<arg>${m}</arg>
<arg>${mark}</arg>
</arguments>
<status endtime="20180212 18:05:27.171" starttime="20180212 18:05:27.169" status="PASS"></status>
</kw>
<status endtime="20180212 18:05:27.172" starttime="20180212 18:05:27.165" status="PASS"></status>
</kw>
<kw name="Winner Should Be">
<arguments>
<arg>TIE</arg>
</arguments>
<kw library="keywords.TicTacToeKeywords" name="Get Winner">
<assign>
<var>${m}</var>
</assign>
<msg level="INFO" timestamp="20180212 18:05:27.181">${m} = TIE</msg>
<status endtime="20180212 18:05:27.182" starttime="20180212 18:05:27.177" status="PASS"></status>
</kw>
<kw library="BuiltIn" name="Should Be Equal">
<doc>Fails if the given objects are unequal.</doc>
<arguments>
<arg>${m}</arg>
<arg>${mark}</arg>
</arguments>
<status endtime="20180212 18:05:27.187" starttime="20180212 18:05:27.183" status="PASS"></status>
</kw>
<status endtime="20180212 18:05:27.188" starttime="20180212 18:05:27.176" status="PASS"></status>
</kw>
<status critical="yes" endtime="20180212 18:05:27.188" starttime="20180212 18:05:26.962" status="PASS"></status>
</test>
<status endtime="20180212 18:05:27.193" starttime="20180212 18:05:26.401" status="PASS"></status>
</suite>
<status endtime="20180212 18:05:27.213" starttime="20180212 18:05:22.963" status="PASS"></status>
</suite>
<statistics>
<total>
<stat pass="6" fail="0">Critical Tests</stat>
<stat pass="6" fail="0">All Tests</stat>
</total>
<tag>
</tag>
<suite>
<stat pass="6" fail="0" name="Acceptancetest" id="s1">Acceptancetest</stat>
<stat pass="3" fail="0" name="TicTacToeGUITests" id="s1-s1">Acceptancetest.TicTacToeGUITests</stat>
<stat pass="3" fail="0" name="TicTacToeTests" id="s1-s2">Acceptancetest.TicTacToeTests</stat>
</suite>
</statistics>
<errors>
</errors>
</robot>
